-- SPDX-License-Identifier: PMPL-1.0-or-later
-- Copyright (c) 2026 Jonathan D.A. Jewell (hyperpolymath) <jonathan.jewell@open.ac.uk>

-- | SafeEmail - Email validation via libproven FFI.
--
-- Error-Lang's dependent error types capture validation failures with
-- precise error semantics. The Proven<Bool, ProvenError> return type
-- forces callers to handle both the validation result and potential
-- FFI errors.
--
-- All computation is performed in Idris 2 via the Zig FFI layer.
-- NO email validation logic is reimplemented in Error-Lang.

module Proven.SafeEmail

import Proven.FFI
import Proven (ProvenError, Proven, bool_result_to_proven)

-- ============================================================================
-- Email validation
-- ============================================================================

-- | Validate an email address against RFC 5321 (simplified).
-- Returns Ok(true) if the email is valid, Ok(false) if invalid.
-- Returns Err(NullPointer) if the input pointer is null.
-- Delegates to proven_email_is_valid in libproven.
fn is_valid_email(email : String) -> Proven<Bool, ProvenError> =
  let bytes = string_to_utf8(email)
  bool_result_to_proven(
    FFI.proven_email_is_valid(bytes.ptr, bytes.len)
  )

-- | Validate an email address, returning a descriptive error on failure.
-- This is a convenience wrapper that maps Ok(false) to Err(ValidationFailed).
fn validate_email(email : String) -> Proven<String, ProvenError> =
  match is_valid_email(email) with
  | Ok(true)  => Ok(email)
  | Ok(false) => Err(ValidationFailed)
  | Err(e)    => Err(e)

-- ============================================================================
-- Error-Lang specific: typed email validation
-- ============================================================================

-- | A validated email address type. Can only be constructed through
-- the validate function, ensuring the email has passed RFC 5321 checks
-- in the Idris 2 verified core.
type ValidatedEmail = private ValidatedEmail(String)

-- | Get the string representation of a validated email.
fn validated_email_to_string(email : ValidatedEmail) -> String =
  match email with
  | ValidatedEmail(s) => s

-- | Create a ValidatedEmail, returning an error if validation fails.
-- Uses the Idris 2 verified email validation via FFI.
fn make_validated_email(email : String) -> Proven<ValidatedEmail, ProvenError> =
  match is_valid_email(email) with
  | Ok(true)  => Ok(ValidatedEmail(email))
  | Ok(false) => Err(ValidationFailed)
  | Err(e)    => Err(e)
